Turbo Assembler	 Version 4.1	    02/26/26 07:12:03	    Page 1
frame.asm



      1	0000			     .model tiny
      2	0000			     .code
      3
      4				     org 100h
      5
      6				     locals @@
      7				     ;===========================================================================
      8				     ;DESTR: ax, bx, cx, di
      9				     ;===========================================================================
     10
     11				     ; можно передавать	аргументом символа его адрес в памяти
     12
     13				     ; надо написать процедуру,	которая	считывает число	из командной строки
     14
     15	*100			     INF_T struc
     16	*000  01*(001E)			     length dw 30
*Warning* frame.asm(16)	Reserved word used as symbol: LENGTH
     17	*002  01*(0007)			     height dw 7
     18	*004  01*(000A)			     pos_x  dw 10
     19	*006  01*(0003)			     pos_y  dw 3
     20	*008			     INF_T ends
     21
     22	*100			     String_t struc
     23	*000  01*(0000)			     string_ptr	dw 0
     24	*002  01*(0000)			     string_len	dw 0
     25	*004			     String_t ends
     26
     27				     DRAW_COL macro height, pos_x, pos_y, symbol
     28					     mov bx, height
     29					     mov cx, pos_x
     30					     mov di, pos_y
     31
     32					     ; mov ax, symbol
     33					     call draw_column
     34				     ENDM
     35
     36				     ;===========================================================================
     37				     ;DESTR: ax, bx, cx, di
     38				     ;===========================================================================
     39				     ; 9F96
     40				     DRAW_STR macro length, pos_x, pos_y, symbol
     41					     mov  bx, length
     42					     mov  cx, pos_x
     43					     mov  di, pos_y
     44
     45					     ; mov  ax,	symbol
     46					     ; push ax
     47
     48					     call draw_string
     49				     ENDM
     50
     51				     DRAW_FRAME	macro length, height, pos_x, pos_y, symbol
     52
     53					     call get_num_from_command
     54
     55					     shl dx, 1 ; arr of	words
     56					     lea bx, Symbol_arr
Turbo Assembler	 Version 4.1	    02/26/26 07:12:03	    Page 2
frame.asm



     57					     add bx, dx
     58
     59					     push cx
     60					     push [bx]
     61
     62					     DRAW_STR length, pos_x, pos_y, symbol
     63					     DRAW_COL height, pos_x, pos_y, symbol
     64
     65					     ; Sum_y = pos_y + height -	1 ; make in func
     66				     ;=====================================================================
     67					     mov di, pos_y
     68					     add di, height
     69					     dec di
     70				     ;=====================================================================
     71					     ; Sum_x = pos_x + length -	1 ; make in func
     72					     ; push di
     73					     DRAW_STR length, pos_x, di, symbol
     74					     ; pop di
     75				     ;=====================================================================
     76					     mov cx, pos_x
     77					     add cx, length
     78					     dec cx
     79				     ;=====================================================================
     80
     81					     DRAW_COL height, cx, pos_y, symbol
     82
     83					     pop bx
     84					     pop cx
     85
     86				     ENDM
     87
     88				     ;очистка экрана
     89				     ;INT 10H 006H
     90
     91	0100			     Start:
     92					     ;
     93	0100  B8 B800			     mov ax, 0B800h
     94	0103  8E C0			     mov es, ax
     95
     96					     ; Подумать	как можно передавать символ для	всех рамок
     97
     98	0105  8A 0E 0080		     mov cl, ds:80h
     99
    100	0109  BE 0082			     mov si, 82h
    101
    102	010C  E8 04F4			     call get_flag_from_command
    103	010F  F6 06 01AFr 40 90		     test FLAGS, 40h
    104	0115  74 07			     je	@@frame
    105	0117  E8 047D				     call print_mona_lisa
    106	011A  B4 4C				     mov ah, 4ch
    107	011C  CD 21				     int 21h
    108
    109	011E				     @@frame:
    110	011E  E8 03C6			     call get_num_from_command
    111	0121  83 FA 00			     cmp dx, 0
    112	0124  74 0B			     je	@@without_size
    113
Turbo Assembler	 Version 4.1	    02/26/26 07:12:03	    Page 3
frame.asm



    114	0126  89 16 0398r		     mov  Inf_frame.length, dx
    115
    116	012A  E8 03BA			     call get_num_from_command
    117	012D  89 16 039Ar		     mov  Inf_frame.height, dx
    118
    119	0131				     @@without_size:
    120				     ;
    121					     DRAW_FRAME	Inf_frame.length, Inf_frame.height , Inf_frame.pos_x, Inf_frame.pos_y, 2
1   122
1   123	0131  E8 03B3			     call get_num_from_command
1   124
1   125	0134  D1 E2			     shl dx, 1 ; arr of	words
1   126	0136  BB 01B0r			     lea bx, Symbol_arr
1   127	0139  03 DA			     add bx, dx
1   128
1   129	013B  51			     push cx
1   130	013C  FF 37			     push [bx]
1   131
1   132					     DRAW_STR Inf_frame.length,	Inf_frame.pos_x, Inf_frame.pos_y, 2
2   133	013E  8B 1E 0398r		     mov  bx, Inf_frame.length
2   134	0142  8B 0E 039Cr		     mov  cx, Inf_frame.pos_x
2   135	0146  8B 3E 039Er		     mov  di, Inf_frame.pos_y
2   136
2   137					     ; mov  ax,	2
2   138					     ; push ax
2   139
2   140	014A  E8 0271			     call draw_string
1   141					     DRAW_COL Inf_frame.height,	Inf_frame.pos_x, Inf_frame.pos_y, 2
2   142	014D  8B 1E 039Ar		     mov bx, Inf_frame.height
2   143	0151  8B 0E 039Cr		     mov cx, Inf_frame.pos_x
2   144	0155  8B 3E 039Er		     mov di, Inf_frame.pos_y
2   145
2   146					     ; mov ax, 2
2   147	0159  E8 02AF			     call draw_column
1   148
1   149					     ; Sum_y = Inf_frame.pos_y + Inf_frame.height - 1 ;	make in	func
1   150				     ;=====================================================================
1   151	015C  8B 3E 039Er		     mov di, Inf_frame.pos_y
1   152	0160  03 3E 039Ar		     add di, Inf_frame.height
1   153	0164  4F			     dec di
1   154				     ;=====================================================================
1   155					     ; Sum_x = Inf_frame.pos_x + Inf_frame.length - 1 ;	make in	func
1   156					     ; push di
1   157					     DRAW_STR Inf_frame.length,	Inf_frame.pos_x, di, 2
2   158	0165  8B 1E 0398r		     mov  bx, Inf_frame.length
2   159	0169  8B 0E 039Cr		     mov  cx, Inf_frame.pos_x
2   160	016D  8B FF			     mov  di, di
2   161
2   162					     ; mov  ax,	2
2   163					     ; push ax
2   164
2   165	016F  E8 024C			     call draw_string
1   166					     ; pop di
1   167				     ;=====================================================================
1   168	0172  8B 0E 039Cr		     mov cx, Inf_frame.pos_x
1   169	0176  03 0E 0398r		     add cx, Inf_frame.length
1   170	017A  49			     dec cx
Turbo Assembler	 Version 4.1	    02/26/26 07:12:03	    Page 4
frame.asm



1   171				     ;=====================================================================
1   172
1   173					     DRAW_COL Inf_frame.height,	cx, Inf_frame.pos_y, 2
2   174	017B  8B 1E 039Ar		     mov bx, Inf_frame.height
2   175	017F  8B C9			     mov cx, cx
2   176	0181  8B 3E 039Er		     mov di, Inf_frame.pos_y
2   177
2   178					     ; mov ax, 2
2   179	0185  E8 0283			     call draw_column
1   180
1   181	0188  5B			     pop bx
1   182	0189  59			     pop cx
1   183
    184				     ;
    185	018A  81 E3 FF00		     and bx, 0ff00h
    186	018E  8B D3			     mov dx, bx
    187
    188	0190  51			     push cx
    189	0191  E8 03D4			     call make_fill
    190	0194  59			     pop cx
    191
    192	0195  32 ED			     xor ch, ch
    193
    194					     ; mov cl, ds:80h
    195	0197  90			     nop
    196	0198  90			     nop
    197	0199  90			     nop
    198	019A  90			     nop
    199
    200	019B  E8 02B2			     call read_strings
    201
    202	019E  83 3E 01BAr 00		     cmp String_arr.string_len,	0
    203	01A3  74 05			     je	@@without_word
    204
    205	01A5  52			     push dx
    206	01A6  E8 02D2			     call print_word_in_frame
    207	01A9  5A			     pop dx
    208
    209	01AA				     @@without_word:
    210
    211	01AA  B8 4C00			     mov ax, 4c00h
    212	01AD  CD 21			     int 21h
    213				     ;===============================================================================================
    214				     ==
    215	01AF  00		     FLAGS db 0
    216	01B0  1F03 4E03	8B55 04C5    Symbol_arr	  dw 1F03h, 4E03h, 8B55h, 04C5h
    217
    218	01B8  08*(0000 0000)	     String_arr	String_t 8 dup(<0, 0>)
    219
    220				     ; Строка 1: "o8%8888," +20	пробелов
    221	01D8  20 20 20 20 20 20	20+  row1 db 20h,20h,20h,20h,20h,20h,20h,20h,6Fh,38h,25h,38h,38h,38h,38h,2Ch,20h,20h,20h,20h,20h,   +
    222	      20 6F 38 25 38 38	38+  20h,20h,20h,20h,20h,20h,20h
    223	      38 2C 20 20 20 20	20+
    224	      20 20 20 20 20 20	20
    225
    226				     ; Строка 2: "	o88%8888888." +10 пробелов
    227	01F4  20 20 20 20 20 20	6F+  row2 db 20h,20h,20h,20h,20h,20h,6Fh,38h,38h,25h,38h,38h,38h,38h,38h,38h,38h,2Eh,20h,20h,20h,   +
Turbo Assembler	 Version 4.1	    02/26/26 07:12:03	    Page 5
frame.asm



    228	      38 38 25 38 38 38	38+  20h,20h,20h,20h,20h,20h,20h
    229	      38 38 38 2E 20 20	20+
    230	      20 20 20 20 20 20	20
    231
    232				     ; Строка 3: "     8'-    -:8888b" +10 пробелов
    233	0210  20 20 20 20 20 20	38+  row3 db 20h,20h,20h,20h,20h,20h,38h,27h,2Dh,20h,20h,20h,20h,2Dh,3Ah,38h,38h,38h,38h,62h,20h,   +
    234	      27 2D 20 20 20 20	2D+  20h,20h,20h,20h,20h,20h,20h
    235	      3A 38 38 38 38 62	20+
    236	      20 20 20 20 20 20	20
    237
    238				     ; Строка 4: "    8'	 8888" +10 пробелов
    239	022C  20 20 20 20 20 38	27+  row4 db 20h,20h,20h,20h,20h,38h,27h,20h,20h,20h,20h,20h,20h,20h,20h,20h,20h,38h,38h,38h,38h,   +
    240	      20 20 20 20 20 20	20+  20h,20h,20h,20h,20h,20h,20h
    241	      20 20 20 38 38 38	38+
    242	      20 20 20 20 20 20	20
    243
    244				     ; Строка 5: "   d8.-=. ,==-.:888b"	+8 пробелов
    245	0248  20 20 20 64 38 2D	2E+  row5 db 20h,20h,20h,64h,38h,2Dh,2Eh,3Dh,20h,2Ch,3Dh,3Dh,2Dh,2Eh,3Ah,38h,38h,38h,62h,20h,20h,   +
    246	      3D 20 2C 3D 3D 2D	2E+  20h,20h,20h,20h,20h,20h,20h
    247	      3A 38 38 38 62 20	20+
    248	      20 20 20 20 20 20	20
    249
    250				     ; Строка 6: "   >8	`~` :`~' d8888"	+8 пробелов
    251	0264  20 20 20 3E 38 20	60+  row6 db 20h,20h,20h,3Eh,38h,20h,60h,7Eh,60h,20h,3Ah,60h,7Eh,27h,20h,64h,38h,38h,38h,38h, 20h,  +
    252	      7E 60 20 3A 60 7E	27+  20h,20h,20h,20h,20h,20h,20h
    253	      20 64 38 38 38 38	20+
    254	      20 20 20 20 20 20	20
    255
    256				     ; Строка 7: "   88		,88888"	+9 пробелов
    257	0280  20 20 20 20 38 38	20+  row7 db 20h,20h,20h,20h,38h,38h,20h,20h,20h,20h,20h,20h,20h,20h,20h,2Ch,38h,38h,38h,38h,38h,   +
    258	      20 20 20 20 20 20	20+  20h,20h,20h,20h,20h,20h,20h
    259	      20 2C 38 38 38 38	38+
    260	      20 20 20 20 20 20	20
    261
    262				     ; Строка 8: "   88b. `-~  :'88888"	+8 пробелов
    263	029C  20 20 20 20 38 38	62+  row8 db 20h,20h,20h,20h,38h,38h,62h,2Eh,20h,60h,2Dh,7Eh,20h,20h,3Ah,27h,38h,38h,38h,38h,38h,   +
    264	      2E 20 60 2D 7E 20	20+  20h,20h,20h,20h,20h,20h,20h
    265	      3A 27 38 38 38 38	38+
    266	      20 20 20 20 20 20	20
    267
    268				     ; Строка 9: "   888b ~==~ .:88888"	+8 пробелов
    269	02B8  20 20 20 20 38 38	38+  row9 db 20h,20h,20h,20h,38h,38h,38h,62h,20h,7Eh,3Dh,3Dh,7Eh,20h,2Eh,3Ah,38h,38h,38h,38h,38h,   +
    270	      62 20 7E 3D 3D 7E	20+  20h,20h,20h,20h,20h,20h,20h
    271	      2E 3A 38 38 38 38	38+
    272	      20 20 20 20 20 20	20
    273
    274				     ; Строка 10: "   88888o--:':::8888" +8 пробелов
    275	02D4  20 20 20 20 38 38	38+  row10 db 20h,20h,20h,20h,38h,38h,38h,38h,38h,6Fh,2Dh,2Dh,3Ah,27h,27h,27h,3Ah,38h,38h,38h,38h,  +
    276	      38 38 6F 2D 2D 3A	27+  20h,20h,20h,20h,20h,20h,20h
    277	      27 27 3A 38 38 38	38+
    278	      20 20 20 20 20 20	20
    279
    280				     ; Строка 11: "   `88888| :::' 8888b" +7 пробелов
    281	02F0  20 20 20 60 38 38	38+  row11 db 20h,20h,20h,60h,38h,38h,38h,38h,38h,7Ch,20h,3Ah,3Ah,3Ah,27h,20h,38h,38h,38h,38h,62h,  +
    282	      38 38 7C 20 3A 3A	3A+  20h,20h,20h,20h,20h,20h,20h
    283	      27 20 38 38 38 38	62+
    284	      20 20 20 20 20 20	20
Turbo Assembler	 Version 4.1	    02/26/26 07:12:03	    Page 6
frame.asm



    285
    286				     ; Строка 12: "   8888^^'	    8888b" +6 пробелов
    287	030C  20 20 20 20 38 38	38+  row12 db 20h,20h,20h,20h,38h,38h,38h,38h,5Eh,5Eh,27h,20h,20h,20h,20h,20h,20h,20h,38h,38h,38h,  +
    288	      38 5E 5E 27 20 20	20+  38h,62h, 20h,20h,20h,20h,20h
    289	      20 20 20 20 38 38	38+
    290	      38 62 20 20 20 20	20
    291
    292				     ; Строка 13: "  d888	    ,%888b." +5	пробелов
    293	0328  20 20 64 38 38 38	20+  row13 db 20h,20h,64h,38h,38h,38h,20h,20h,20h,20h,20h,20h,20h,20h,20h,20h,20h,2Ch,25h,38h,38h,  +
    294	      20 20 20 20 20 20	20+  38h,62h,2Eh, 20h,20h,20h,20h
    295	      20 20 20 2C 25 38	38+
    296	      38 62 2E 20 20 20	20
    297
    298				     ; Строка 14: " d88%	    %%%8--'-. "	+4 пробела
    299	0344  20 64 38 38 25 20	20+  row14 db 20h,64h,38h,38h,25h,20h,20h,20h,20h,20h,20h,20h,20h,20h,20h,20h,20h,20h,20h,20h,25h,  +
    300	      20 20 20 20 20 20	20+  25h,25h,38h,2Dh,2Dh,27h,2Dh
    301	      20 20 20 20 20 20	25+
    302	      25 25 38 2D 2D 27	2D
    303
    304				     ; Строка 15: "/88:.__ ,	   _%-'	---  -"	+1 пробел
    305	0360  2F 38 38 3A 2E 5F	5F+  row15 db 2Fh,38h,38h,3Ah,2Eh,5Fh,5Fh,20h,2Ch,20h,20h,20h,20h,20h,20h,20h,5Fh,25h,2Dh,27h,20h,  +
    306	      20 2C 20 20 20 20	20+  2Dh,2Dh,2Dh,20h,2Dh,0Ah,20h
    307	      20 20 5F 25 2D 27	20+
    308	      2D 2D 2D 20 2D 0A	20
    309
    310				     ; Строка 16: "    '''::===..-'   =	 --." +3 пробела
    311	037C  20 20 20 20 27 27	27+  row16 db 20h,20h,20h,20h,27h,27h,27h,3Ah,3Ah,3Dh,3Dh,2Eh,2Dh,27h,20h,20h,20h,20h,3Dh,20h,2Dh,  +
    312	      3A 3A 3D 3D 2E 2D	27+  2Dh,2Eh,20h,20h,20h,20h,20h
    313	      20 20 20 20 3D 20	2D+
    314	      2D 2E 20 20 20 20	20
    315	0398  001E 0007	000A 0003	     Inf_frame INF_T <>
    316
    317	03A0  01D8r 01F4r 0210r	  +  MonaLisa dw row1, row2, row3, row4, row5, row6, row7, row8, row9, row10, row11, row12, row13,  +
    318	      022Cr 0248r 0264r	  +  row14, 0000h
    319	      0280r 029Cr 02B8r	  +
    320	      02D4r 02F0r 030Cr	  +
    321	      0328r 0344r 0000
    322
    323				     ; Str db 41h, 41h,	41h
    324				     ;===============================================================================================
    325				     ==
    326
    327	03BE				     draw_string proc
    328	03BE  51				     push cx
    329	03BF  57				     push di
    330	03C0  53				     push bx
    331	03C1  50				     push ax
    332	03C2  55				     push bp
    333	03C3  8B EC				     mov bp, sp
    334	03C5  83 C5 0C				     add bp, 12
    335						     ;mov word ptr es: [bx+160*4l + 80], (4e03h	or 8000h)
    336						     ;mov bx, 80 ;
    337
    338						     ;cx pos_x
    339						     ;di pos_y
    340	03C8  4B				     dec bx
    341	03C9  D1 E1				     shl cx, 1	     ;
Turbo Assembler	 Version 4.1	    02/26/26 07:12:03	    Page 7
frame.asm



    342	03CB  D1 E3				     shl bx, 1	     ;
    343
    344					     ;===== Умножение смещения на 160 =======
    345	03CD  D1 E7 D1 E7 D1 E7	D1+		     shl di, 5
    346	      E7 D1 E7
    347	03D7  53				     push bx
    348	03D8  8B DF				     mov bx, di
    349	03DA  D1 E7 D1 E7			     shl di, 2
    350	03DE  03 FB				     add di, bx
    351	03E0  5B				     pop bx
    352					     ;=======================================
    353	03E1  03 F9				     add di, cx
    354						     ;add bx, cx
    355
    356	03E3  D1 EF				     shr di, 1
    357	03E5  D1 E7				     shl di, 1
    358
    359	03E7  51				     push cx
    360	03E8  33 C9				     xor cx, cx
    361	03EA  8B 4E 00				     mov word ptr cx, [bp]
    362
    363						     ; add di, bx
    364	03ED  8B C3				     mov ax, bx
    365	03EF  33 DB				     xor bx, bx
    366
    367	03F1					     string:
    368	03F1  26: 89 09					     mov word ptr es:[bx + di],	cx
    369	03F4  43					     inc bx
    370	03F5  43					     inc bx
    371	03F6  3B D8					     cmp bx, ax
    372
    373				     ;============================================================================
    374	03F8  51					     push cx
    375	03F9  B9 2710					     mov cx, 10000
    376	03FC						     @@time:
    377	03FC  90						     nop
    378	03FD  90						     nop
    379	03FE  90						     nop
    380	03FF  E2 FB						     loop @@time
    381	0401  59					     pop cx
    382				     ;============================================================================
    383
    384	0402  76 ED					     jbe string
    385
    386	0404  59				     pop cx
    387
    388	0405  5D				     pop bp
    389	0406  58				     pop ax
    390	0407  5B				     pop bx
    391	0408  5F				     pop di
    392	0409  59				     pop cx
    393	040A  C3				     ret
    394
    395	040B				     endp
    396
    397	040B				     draw_column proc
    398	040B  55				     push bp
Turbo Assembler	 Version 4.1	    02/26/26 07:12:03	    Page 8
frame.asm



    399	040C  8B EC				     mov bp, sp
    400	040E  83 C5 04				     add bp, 4 ; пропускаем адрес возврата
    401
    402						     ;cx pos_x
    403						     ;di pos_y
    404	0411  4B				     dec bx
    405	0412  D1 E1				     shl cx, 1	     ; 2 байта на символ
    406	0414  D1 E3				     shl bx, 1	     ; 2 байта на символ
    407
    408						     ;===== Умножение смещения y на 160=======
    409	0416  D1 E7 D1 E7 D1 E7	D1+		     shl di, 5
    410	      E7 D1 E7
    411	0420  53				     push bx
    412	0421  8B DF				     mov bx, di
    413	0423  D1 E7 D1 E7			     shl di, 2
    414	0427  03 FB				     add di, bx
    415	0429  5B				     pop bx
    416						     ;========================================
    417
    418	042A  50				     push ax
    419	042B  51				     push cx
    420	042C  8B C3				     mov ax, bx
    421	042E  B9 0050				     mov cx, 80
    422	0431  F7 E1				     mul cx
    423	0433  8B D8				     mov bx, ax
    424	0435  59				     pop cx
    425	0436  58				     pop ax
    426
    427	0437  03 F9				     add di, cx
    428
    429	0439  D1 EF				     shr di, 1
    430	043B  D1 E7				     shl di, 1
    431
    432	043D  51				     push cx
    433	043E  8B 4E 00				     mov word ptr cx, [bp]
    434
    435	0441					     print_column:
    436	0441  26: 89 09					     mov word ptr es:[bx + di],	cx
    437	0444  81 EB 00A0				     sub bx, 160
    438							     ;dec bx
    439	0448  83 FB 00					     cmp bx, 0
    440	044B  7D F4					     jge print_column
    441
    442	044D  59				     pop cx
    443	044E  5D				     pop bp
    444
    445	044F  C3				     ret
    446
    447
    448	0450				     endp
    449
    450				     ;====================================================================
    451				     ;Start:
    452				     ;	 cx - counter of symbols
    453				     ;	     si	- adress of string
    454				     ;
    455				     ;	     bx	- counter of string
Turbo Assembler	 Version 4.1	    02/26/26 07:12:03	    Page 9
frame.asm



    456				     ;
    457				     ;	     cld
    458				     ;Note: "|"	end of string
    459				     ;Return: no
    460				     ;Destr: bx, di, si, ax
    461				     ;====================================================================
    462
    463	0450				     read_strings proc
    464	0450  51			     push cx
    465	0451  33 DB			     xor bx, bx
    466
    467	0453				     @@read:
    468	0453  89 B7 01B8r			     mov String_arr[bx].string_ptr, si
    469
    470	0457  06				     push es
    471	0458  8C D8				     mov ax, ds
    472	045A  8E C0				     mov es, ax
    473	045C  8B FE				     mov di, si
    474	045E  33 C0				     xor ax, ax
    475	0460  B0 25				     mov al, '%'
    476
    477	0462  8B F1				     mov si, cx	; use for count	symbol in string
    478	0464  F2> AE				     repne scasb ; check last symbol
    479	0466  2B F1				     sub si, cx
    480	0468  4E				     dec si
    481	0469  89 B7 01BAr			     mov String_arr[bx].string_len, si
    482
    483	046D  8B F7				     mov si, di
    484	046F  07				     pop es
    485
    486	0470  83 C3 04				     add bx, size String_t
    487
    488	0473  80 7C FF 0D			     cmp byte ptr [si -	1], 0dh
    489	0477  75 DA				     jne @@read
    490
    491	0479  59			     pop cx
    492	047A  C3			     ret
    493
    494	047B				     endp
    495
    496				     ;====================================================================
    497				     ;Start:
    498				     ;	 ax - address in arrate
    499				     ;	     bx	- counter of strings
    500				     ;	 ||||||cx - counter of symbols
    501				     ;	     si	- adress of string
    502				     ;	 di - adress in	ViMem
    503				     ;
    504				     ;Notes: dx	- count	bytes, center of frame
    505				     ;
    506				     ;Return: ax - число
    507				     ;Destr: cx, si, dx, bx
    508				     ;====================================================================
    509
    510	047B				     print_word_in_frame proc
    511							     ; push cx
    512	047B  55					     push bp
Turbo Assembler	 Version 4.1	    02/26/26 07:12:03	    Page 10
frame.asm



    513	047C  8B EC					     mov bp, sp
    514	047E  83 C5 04					     add bp, 4
    515
    516	0481  33 C0					     xor ax, ax
    517
    518	0483  80 F9 00					     cmp cl, 0
    519	0486  74 5D					     je	@@return
    520
    521	0488  57					     push di
    522							     ;xor cx, cx
    523	0489  33 FF					     xor di, di
    524							     ;mov cl, ds:80h
    525
    526
    527	048B  E8 0098					     call get_middle_frame ; dx	- count	bytes to center
    528
    529				     ;=========================	half of	text =========================
    530	048E  D1 EB D1 EB D1 EB	D1+			     shr bx, 4 ; size of string_t
    531	      EB
    532
    533	0496  D1 EB					     shr bx, 1
    534							     ; shl bx, 1
    535
    536	0498  83 C3 01					     add bx, 1
    537
    538						     ;===== Умножение bx на 160	=======
    539	049B  D1 E3 D1 E3 D1 E3	D1+			     shl bx, 5
    540	      E3 D1 E3
    541	04A5  57					     push di
    542	04A6  8B FB					     mov di, bx
    543	04A8  D1 E3 D1 E3				     shl bx, 2
    544	04AC  03 DF					     add bx, di
    545	04AE  5F					     pop di
    546						     ;=================================
    547
    548	04AF  F7 DB					     neg bx
    549
    550	04B1					     @@text:
    551	04B1  FE C9					     dec cl
    552							     ;mov si, 82h
    553							     ;BEG equ 5	* 160 +	40
    554				     ;================================================================
    555
    556				     ;=========================	half of	string =======================
    557							     ; mov di, cx
    558	04B3  53					     push bx
    559	04B4  8B D8					     mov bx, ax
    560	04B6  8B BF 01BAr				     mov di, [String_arr[bx]].string_len
    561	04BA  8B B7 01B8r				     mov si, [String_arr[bx]].string_ptr
    562	04BE  5B					     pop bx
    563
    564	04BF  D1 EF					     shr di, 1
    565	04C1  D1 E7					     shl di, 1
    566	04C3  F7 DF					     neg di
    567							     ; sub di, 2
    568				     ;================================================================
    569
Turbo Assembler	 Version 4.1	    02/26/26 07:12:03	    Page 11
frame.asm



    570	04C5  03 FA					     add di, dx
    571	04C7  03 FB					     add di, bx
    572							     ;mov di, BEG ;  
    573	04C9  50					     push ax
    574	04CA  8A 66 01					     mov ah, [bp + 1];
    575
    576	04CD						     @@string:
    577	04CD  AC						     lodsb
    578	04CE  AB						     stosw
    579								     ; loop @@string
    580	04CF  80 3C 0D						     cmp byte ptr ds:[si], 0dh ; end of	text
    581	04D2  74 0F						     je	@@start_pop
    582
    583	04D4  80 3C 25						     cmp byte ptr ds:[si], '%'
    584	04D7  75 F4						     jne @@string
    585
    586
    587	04D9  58					     pop ax
    588
    589							     ; neg
    590	04DA  81 C3 00A0				     add bx, 160d
    591	04DE  05 0004					     add ax, 4h
    592	04E1  EB CE					     jmp @@text
    593				     ; можно запустить цикл в котором из середины вычитаться половина длины строки, а после печати  +
    594				     добавлять к середине 160 или 320 и	по новой
    595
    596	04E3						     @@start_pop:
    597	04E3  58					     pop ax ;!!!!!!!!!!!!!!!!!!!!!!
    598	04E4  5F					     pop di
    599							     ; pop cx
    600	04E5						     @@return:
    601	04E5  5D					     pop bp
    602	04E6  C3					     ret
    603	04E7					     endp
    604
    605				     ;====================================================================
    606				     ; Start:  cx - number of symbols
    607				     ;		       si - adress of string
    608				     ; Destr:  cx, si, dx, ax
    609				     ; Return: dx - число. dx =	0, если	нет цифры
    610				     ;====================================================================
    611
    612	04E7				     get_num_from_command proc
    613	04E7  33 D2				     xor dx, dx
    614
    615	04E9  80 3C 20				     cmp byte ptr [si],	' '
    616	04EC  74 37				     je	@@return
    617
    618	04EE  80 3C 30				     cmp byte ptr [si],	'0'
    619	04F1  72 32				     jb	@@return
    620
    621	04F3  80 3C 39				     cmp byte ptr [si],	'9'
    622	04F6  7F 2D				     jg	@@return
    623
    624	04F8  33 C0				     xor ax, ax
    625
    626	04FA					     @@digit:
Turbo Assembler	 Version 4.1	    02/26/26 07:12:03	    Page 12
frame.asm



    627	04FA  AC					     lodsb
    628
    629	04FB  51					     push cx
    630	04FC  8B CA					     mov cx, dx
    631	04FE  D1 E2 D1 E2 D1 E2				     shl dx, 3
    632	0504  03 D1					     add dx, cx
    633	0506  03 D1					     add dx, cx
    634	0508  59					     pop cx
    635
    636							     ;sub ax, '0'
    637	0509  24 0F					     and al, 0fh
    638	050B  03 D0					     add dx, ax
    639	050D  49					     dec cx
    640
    641	050E  80 3C 30					     cmp byte ptr [si],	'0'
    642	0511  72 0A					     jb	@@end_cicle
    643
    644	0513  80 3C 39					     cmp byte ptr [si],	'9'
    645	0516  7F 05					     jg	@@end_cicle
    646
    647	0518  80 3C 20					     cmp byte ptr [si],	' '
    648	051B  75 DD					     jne @@digit
    649
    650	051D					     @@end_cicle:
    651
    652	051D  49				     dec cx
    653	051E  83 C6 01				     add si, 1 ; skip_space
    654
    655	0521  90				     nop
    656	0522  90				     nop
    657	0523  90				     nop
    658	0524  90				     nop
    659
    660	0525					     @@return:
    661	0525  C3				     ret
    662	0526				     endp
    663
    664				     ;====================================================================
    665				     ; Start: Inf_struc
    666				     ; Destr: dx
    667				     ; Return: dx - число
    668				     ;====================================================================
    669
    670	0526				     get_middle_frame proc
    671	0526  55				     push bp
    672	0527  8B EC				     mov bp, sp
    673
    674						     ; xor dx, dx
    675
    676	0529  8B 16 039Cr			     mov dx, Inf_frame.pos_x
    677	052D  D1 E2				     shl dx, 1
    678	052F  03 16 0398r			     add dx, Inf_frame.length
    679	0533  4A				     dec dx
    680	0534  D1 E2				     shl dx, 1
    681
    682	0536  50				     push ax
    683	0537  A1 039Er				     mov ax, Inf_frame.pos_y
Turbo Assembler	 Version 4.1	    02/26/26 07:12:03	    Page 13
frame.asm



    684	053A  D1 E0				     shl ax, 1
    685	053C  03 06 039Ar			     add ax, Inf_frame.height
    686	0540  48				     dec ax
    687	0541  48				     dec ax
    688	0542  05 0001				     add ax, 1
    689	0545  D1 E8				     shr ax, 1
    690	0547  D1 E0				     shl ax, 1
    691
    692						     ;===== Умножение ax на 80=============
    693	0549  D1 E0 D1 E0 D1 E0	D1+		     shl ax, 5
    694	      E0 D1 E0
    695	0553  53				     push bx
    696	0554  8B D8				     mov bx, ax
    697	0556  D1 E0 D1 E0			     shl ax, 2
    698	055A  03 C3				     add ax, bx
    699	055C  5B				     pop bx
    700						     ;=====================================
    701
    702	055D  03 D0				     add dx, ax
    703
    704	055F  58				     pop ax
    705
    706	0560  D1 EA D1 EA			     shr dx, 2
    707	0564  D1 E2				     shl dx, 1
    708
    709	0566  5D				     pop bp
    710	0567  C3				     ret
    711	0568				     endp
    712				     ;====================================================================
    713				     ; Start: data in struc, bx	- symb
    714				     ; Destr: cx, ax
    715				     ;====================================================================
    716
    717	0568				     make_fill proc
    718	0568  55				     push bp
    719	0569  8B EC				     mov bp, sp
    720
    721	056B  A1 039Ar				     mov ax, Inf_frame.height
    722	056E  2D 0002				     sub ax, 2
    723
    724	0571  53				     push bx
    725
    726	0572  8B 1E 0398r			     mov bx, Inf_frame.length
    727	0576  83 EB 02				     sub bx, 2
    728
    729	0579  8B 0E 039Cr			     mov cx, Inf_frame.pos_x
    730	057D  41				     inc cx
    731
    732	057E  8B 3E 039Er			     mov di, Inf_frame.pos_y
    733	0582  47				     inc di
    734
    735	0583					     @@print_string:
    736
    737	0583  E8 FE38					     call draw_string
    738	0586  47					     inc di
    739
    740	0587  48					     dec ax
Turbo Assembler	 Version 4.1	    02/26/26 07:12:03	    Page 14
frame.asm



    741	0588  3D 0000					     cmp ax, 0
    742	058B  75 F6					     jne @@print_string
    743
    744	058D  5B				     pop bx
    745	058E  5D				     pop bp
    746
    747	058F  C3				     ret
    748	0590				     endp
    749				     ;=======================================================================
    750				     ; Start: cx - количество символов в массиве, si - адресс начала массива,
    751				     ; di - адресс в видеопамяти
    752				     ; Destr: ax, cx, si, di
    753				     ;
    754				     ;=======================================================================
    755
    756	0590				     print_arr proc
    757	0590  B4 0F				     mov ah, 0fh
    758	0592					     @@print:
    759	0592  AC					     lodsb
    760	0593  AB					     stosw
    761	0594  E2 FC					     loop @@print
    762
    763	0596  C3				     ret
    764	0597				     endp
    765
    766	0597				     print_mona_lisa proc
    767						     DRAW_FRAME	30, 16,	10, 0, 1
1   768
1   769	0597  E8 FF4D			     call get_num_from_command
1   770
1   771	059A  D1 E2			     shl dx, 1 ; arr of	words
1   772	059C  BB 01B0r			     lea bx, Symbol_arr
1   773	059F  03 DA			     add bx, dx
1   774
1   775	05A1  51			     push cx
1   776	05A2  FF 37			     push [bx]
1   777
1   778					     DRAW_STR 30, 10, 0, 1
2   779	05A4  BB 001E			     mov  bx, 30
2   780	05A7  B9 000A			     mov  cx, 10
2   781	05AA  BF 0000			     mov  di, 0
2   782
2   783					     ; mov  ax,	1
2   784					     ; push ax
2   785
2   786	05AD  E8 FE0E			     call draw_string
1   787					     DRAW_COL 16, 10, 0, 1
2   788	05B0  BB 0010			     mov bx, 16
2   789	05B3  B9 000A			     mov cx, 10
2   790	05B6  BF 0000			     mov di, 0
2   791
2   792					     ; mov ax, 1
2   793	05B9  E8 FE4F			     call draw_column
1   794
1   795					     ; Sum_y = 0 + 16 -	1 ; make in func
1   796				     ;=====================================================================
1   797	05BC  BF 0000			     mov di, 0
Turbo Assembler	 Version 4.1	    02/26/26 07:12:03	    Page 15
frame.asm



1   798	05BF  83 C7 10			     add di, 16
1   799	05C2  4F			     dec di
1   800				     ;=====================================================================
1   801					     ; Sum_x = 10 + 30 - 1 ; make in func
1   802					     ; push di
1   803					     DRAW_STR 30, 10, di, 1
2   804	05C3  BB 001E			     mov  bx, 30
2   805	05C6  B9 000A			     mov  cx, 10
2   806	05C9  8B FF			     mov  di, di
2   807
2   808					     ; mov  ax,	1
2   809					     ; push ax
2   810
2   811	05CB  E8 FDF0			     call draw_string
1   812					     ; pop di
1   813				     ;=====================================================================
1   814	05CE  B9 000A			     mov cx, 10
1   815	05D1  83 C1 1E			     add cx, 30
1   816	05D4  49			     dec cx
1   817				     ;=====================================================================
1   818
1   819					     DRAW_COL 16, cx, 0, 1
2   820	05D5  BB 0010			     mov bx, 16
2   821	05D8  8B C9			     mov cx, cx
2   822	05DA  BF 0000			     mov di, 0
2   823
2   824					     ; mov ax, 1
2   825	05DD  E8 FE2B			     call draw_column
1   826
1   827	05E0  5B			     pop bx
1   828	05E1  59			     pop cx
1   829
    830
    831	05E2  BF 0016				     mov di, 22	; (10 +	1) * 2 ; можно подшаманить с отступом
    832	05E5  81 C7 00A0			     add di, 160 ; 4 * 160
    833	05E9  BB 03A0r				     lea bx, MonaLisa
    834
    835	05EC					     @@mona:
    836	05EC  8B 37					     mov si, [bx]
    837	05EE  B9 001C					     mov cx, 28
    838
    839	05F1  57					     push di
    840	05F2  E8 FF9B					     call print_arr
    841	05F5  5F					     pop di
    842
    843	05F6  81 C7 00A0				     add di, 160
    844	05FA  83 C3 02					     add bx, 2
    845
    846	05FD  83 3F 00					     cmp word ptr [bx],	0000h
    847	0600  75 EA					     jne @@mona
    848
    849	0602  C3				     ret
    850	0603				     endp
    851
    852				     ;=======================================================================
    853				     ; Start: si - адресс начала флага
    854				     ; Destr: si
Turbo Assembler	 Version 4.1	    02/26/26 07:12:03	    Page 16
frame.asm



    855				     ; Notes: сдвигается указатель на строку в si
    856				     ;=======================================================================
    857
    858	0603				     get_flag_from_command proc
    859	0603  80 3C 2D				     cmp byte ptr [si],	'-'
    860	0606  75 0C				     jne @@exit
    861	0608  46				     inc si
    862
    863	0609  80 3C 6D				     cmp byte ptr [si],	'm'
    864
    865	060C  75 06				     jne @@exit
    866	060E  46				     inc si
    867	060F  80 0E 01AFr 40			     or	FLAGS, 40h
    868						     ; jmp @@exit
    869
    870	0614					     @@exit:
    871	0614  C3				     ret
    872	0615				     endp
    873
    874				     end     Start
Turbo Assembler	 Version 4.1	    02/26/26 07:12:03	    Page 17
Symbol Table




Symbol Name			  Type	 Value

??DATE				  Text	 "02/26/26"
??FILENAME			  Text	 "frame	  "
??TIME				  Text	 "07:12:03"
??VERSION			  Number 040A
@32BIT				  Text	 0
@@DIGIT				  Near	 DGROUP:04FA
@@END_CICLE			  Near	 DGROUP:051D
@@EXIT				  Near	 DGROUP:0614
@@FRAME				  Near	 DGROUP:011E
@@MONA				  Near	 DGROUP:05EC
@@PRINT				  Near	 DGROUP:0592
@@PRINT_STRING			  Near	 DGROUP:0583
@@READ				  Near	 DGROUP:0453
@@RETURN			  Near	 DGROUP:04E5
@@RETURN			  Near	 DGROUP:0525
@@START_POP			  Near	 DGROUP:04E3
@@STRING			  Near	 DGROUP:04CD
@@TEXT				  Near	 DGROUP:04B1
@@TIME				  Near	 DGROUP:03FC
@@WITHOUT_SIZE			  Near	 DGROUP:0131
@@WITHOUT_WORD			  Near	 DGROUP:01AA
@CODE				  Text	 DGROUP
@CODESIZE			  Text	 0
@CPU				  Text	 0101H
@CURSEG				  Text	 _TEXT
@DATA				  Text	 DGROUP
@DATASIZE			  Text	 0
@FILENAME			  Text	 FRAME
@INTERFACE			  Text	 000H
@MODEL				  Text	 1
@STACK				  Text	 DGROUP
@WORDSIZE			  Text	 2
DRAW_COLUMN			  Near	 DGROUP:040B
DRAW_STRING			  Near	 DGROUP:03BE
FLAGS				  Byte	 DGROUP:01AF
GET_FLAG_FROM_COMMAND		  Near	 DGROUP:0603
GET_MIDDLE_FRAME		  Near	 DGROUP:0526
GET_NUM_FROM_COMMAND		  Near	 DGROUP:04E7
INF_FRAME			  Struct DGROUP:0398 INF_T
MAKE_FILL			  Near	 DGROUP:0568
MONALISA			  Word	 DGROUP:03A0
PRINT_ARR			  Near	 DGROUP:0590
PRINT_COLUMN			  Near	 DGROUP:0441
PRINT_MONA_LISA			  Near	 DGROUP:0597
PRINT_WORD_IN_FRAME		  Near	 DGROUP:047B
READ_STRINGS			  Near	 DGROUP:0450
ROW1				  Byte	 DGROUP:01D8
ROW10				  Byte	 DGROUP:02D4
ROW11				  Byte	 DGROUP:02F0
ROW12				  Byte	 DGROUP:030C
ROW13				  Byte	 DGROUP:0328
ROW14				  Byte	 DGROUP:0344
ROW15				  Byte	 DGROUP:0360
ROW16				  Byte	 DGROUP:037C
Turbo Assembler	 Version 4.1	    02/26/26 07:12:03	    Page 18
Symbol Table



ROW2				  Byte	 DGROUP:01F4
ROW3				  Byte	 DGROUP:0210
ROW4				  Byte	 DGROUP:022C
ROW5				  Byte	 DGROUP:0248
ROW6				  Byte	 DGROUP:0264
ROW7				  Byte	 DGROUP:0280
ROW8				  Byte	 DGROUP:029C
ROW9				  Byte	 DGROUP:02B8
START				  Near	 DGROUP:0100
STRING				  Near	 DGROUP:03F1
STRING_ARR			  Struct DGROUP:01B8 STRING_T
SYMBOL_ARR			  Word	 DGROUP:01B0

Macro Name

DRAW_COL
DRAW_FRAME
DRAW_STR

Structure Name			  Type	Offset

INF_T
 LENGTH				  Word	 0000
 HEIGHT				  Word	 0002
 POS_X				  Word	 0004
 POS_Y				  Word	 0006
STRING_T
 STRING_PTR			  Word	 0000
 STRING_LEN			  Word	 0002

Groups & Segments		  Bit Size Align  Combine Class

DGROUP				  Group
  _DATA				  16  0000 Word	  Public  DATA
  _TEXT				  16  0615 Word	  Public  CODE
Turbo Assembler	 Version 4.1	    02/26/26 07:12:03	    Page 19
Error Summary



*Warning* frame.asm(16)	Reserved word used as symbol: LENGTH
